<?xml version="1.0" encoding="UTF-8"?>
<testng-results ignored="0" total="1" passed="1" failed="0" skipped="0">
  <reporter-output>
  </reporter-output>
  <suite started-at="2026-03-11T08:32:57 IST" name="Suite" finished-at="2026-03-11T08:32:57 IST" duration-ms="112">
    <groups>
      <group name="Regession">
        <method signature="Demo1Test.carTest()[pri:0, instance:practice.Demo1Test@1d2adfbe]" name="carTest" class="practice.Demo1Test"/>
      </group> <!-- Regession -->
    </groups>
    <test started-at="2026-03-11T08:32:57 IST" name="Test" finished-at="2026-03-11T08:32:57 IST" duration-ms="112">
      <class name="practice.Demo1Test">
        <test-method signature="carTest()[pri:0, instance:practice.Demo1Test@1d2adfbe]" started-at="2026-03-11T08:32:57 IST" name="carTest" finished-at="2026-03-11T08:32:57 IST" duration-ms="17" status="PASS">
          <reporter-output>
          </reporter-output>
        </test-method> <!-- carTest -->
      </class> <!-- practice.Demo1Test -->
    </test> <!-- Test -->
  </suite> <!-- Suite -->
</testng-results>
