<?xml version="1.0" encoding="UTF-8"?>
<testng-results ignored="0" total="1" passed="1" failed="0" skipped="0">
  <reporter-output>
  </reporter-output>
  <suite started-at="2026-03-16T08:53:28 IST" name="Suite" finished-at="2026-03-16T08:53:29 IST" duration-ms="85">
    <groups>
      <group name="Regression">
        <method signature="Demo1Test.carTest()[pri:0, instance:practice.Demo1Test@1d2adfbe]" name="carTest" class="practice.Demo1Test"/>
      </group> <!-- Regression -->
    </groups>
    <test started-at="2026-03-16T08:53:28 IST" name="Test" finished-at="2026-03-16T08:53:29 IST" duration-ms="85">
      <class name="practice.Demo1Test">
        <test-method signature="carTest()[pri:0, instance:practice.Demo1Test@1d2adfbe]" started-at="2026-03-16T08:53:29 IST" name="carTest" finished-at="2026-03-16T08:53:29 IST" duration-ms="14" status="PASS">
          <reporter-output>
          </reporter-output>
        </test-method> <!-- carTest -->
      </class> <!-- practice.Demo1Test -->
    </test> <!-- Test -->
  </suite> <!-- Suite -->
</testng-results>
